<?xml version="1.0" encoding="UTF-8"?>
<!-- Generated by org.testng.reporters.JUnitXMLReporter -->
<testsuite hostname="DESKTOP-QHS8TJ6" ignored="0" name="Default test" tests="3" failures="0" timestamp="08 Jun 2021 16:03:25 GMT" time="4.724" errors="0">
  <testcase name="postRequest" time="2.487" classname="com.ibm.rest.RestAssuredGitTest"/>
  <testcase name="getRequest" time="0.823" classname="com.ibm.rest.RestAssuredGitTest"/>
  <testcase name="deleteRequest" time="0.396" classname="com.ibm.rest.RestAssuredGitTest"/>
</testsuite> <!-- Default test -->
