<?xml version="1.0" encoding="UTF-8"?>
<!-- Generated by org.testng.reporters.JUnitXMLReporter -->
<testsuite hostname="DESKTOP-QHS8TJ6" ignored="0" name="Default test" tests="5" failures="0" timestamp="06 Jun 2021 18:05:22 GMT" time="42.392" errors="0">
  <testcase name="addPets" time="17.029" classname="activities.Activity3"/>
  <testcase name="getPets" time="4.873" classname="activities.Activity3"/>
  <testcase name="getPets" time="6.38" classname="activities.Activity3"/>
  <testcase name="deletePets" time="6.528" classname="activities.Activity3"/>
  <testcase name="deletePets" time="6.501" classname="activities.Activity3"/>
</testsuite> <!-- Default test -->
