<?xml version="1.0" encoding="UTF-8"?>
<!-- Generated by org.testng.reporters.JUnitXMLReporter -->
<testsuite hostname="DESKTOP-QHS8TJ6" ignored="0" name="Test" tests="9" failures="0" timestamp="19 May 2021 04:32:53 GMT" time="233.872" errors="0">
  <testcase name="verifyWebSiteTitle" time="0.046" classname="projects.VerifyTheWebsiteTitle"/>
  <testcase name="verifyWebSiteHeading" time="0.115" classname="projects.VerifyTheWebsiteHeading"/>
  <testcase name="verifyUrl" time="0.106" classname="projects.GetTheUrlOfTheHeaderImage"/>
  <testcase name="verifySecondHeading" time="0.1" classname="projects.VerifyTheWebsiteSecondHeading"/>
  <testcase name="navigateToPage" time="4.282" classname="projects.NavigateToAnotherPage"/>
  <testcase name="applyForJob" time="4.179" classname="projects.ApplyToAJob"/>
  <testcase name="createNewJob" time="12.66" classname="projects.CreateANewJobListing"/>
  <testcase name="login" time="4.836" classname="projects.LoginIntoTheWebsiteBackend"/>
  <testcase name="createJobUsingBackend" time="28.866" classname="projects.CreateJoblistingUsingBackend"/>
</testsuite> <!-- Test -->
